<?xml version="1.0" encoding="UTF-8"?>
<!-- Generated by org.testng.reporters.JUnitReportReporter -->
<testsuite hostname="DESKTOP-O8K8LF0" failures="0" tests="1" name="com.testcases.amazon.TC013_ApplyCouponCode" time="57.475" errors="0" timestamp="2025-01-01T23:34:37 IST" skipped="0">
  <testcase classname="com.testcases.amazon.TC013_ApplyCouponCode" name="couponCode" time="57.475"/>
</testsuite> <!-- com.testcases.amazon.TC013_ApplyCouponCode -->
