<?xml version="1.0" encoding="UTF-8"?>
<!-- Generated by org.testng.reporters.JUnitReportReporter -->
<testsuite hostname="DESKTOP-O8K8LF0" failures="0" tests="1" name="com.testcases.amazon.TC004_EditName" time="15.314" errors="0" timestamp="2024-12-19T11:36:27 IST" skipped="0">
  <testcase classname="com.testcases.amazon.TC004_EditName" name="editName" time="15.314"/>
</testsuite> <!-- com.testcases.amazon.TC004_EditName -->
