<?xml version="1.0" encoding="UTF-8"?>
<!-- Generated by org.testng.reporters.JUnitReportReporter -->
<testsuite hostname="DESKTOP-O8K8LF0" failures="0" tests="1" name="com.testcases.amazon.TC001_CreateAccount" time="2.370" errors="0" timestamp="2024-12-17T12:44:41 IST" skipped="0">
  <testcase classname="com.testcases.amazon.TC001_CreateAccount" name="createAccount" time="2.370"/>
</testsuite> <!-- com.testcases.amazon.TC001_CreateAccount -->
