<?xml version="1.0" encoding="UTF-8"?>
<!-- Generated by org.testng.reporters.JUnitReportReporter -->
<testsuite hostname="DESKTOP-O8K8LF0" failures="0" tests="1" name="com.testcases.amazon.C_CreateAccount" time="29.618" errors="0" timestamp="2024-12-11T21:27:04 IST" skipped="0">
  <testcase classname="com.testcases.amazon.C_CreateAccount" name="createAccount" time="29.618"/>
</testsuite> <!-- com.testcases.amazon.C_CreateAccount -->
