<?xml version="1.0" encoding="UTF-8"?>
<!-- Generated by org.testng.reporters.JUnitReportReporter -->
<testsuite hostname="DESKTOP-O8K8LF0" failures="0" tests="1" name="com.testcases.amazon.TC009_AddToCart" time="13.870" errors="0" timestamp="2024-12-21T19:34:22 IST" skipped="0">
  <testcase classname="com.testcases.amazon.TC009_AddToCart" name="addToCart" time="13.870"/>
</testsuite> <!-- com.testcases.amazon.TC009_AddToCart -->
