<?xml version="1.0" encoding="UTF-8"?>
<!-- Generated by org.testng.reporters.JUnitReportReporter -->
<testsuite hostname="DESKTOP-O8K8LF0" failures="0" tests="2" name="com.testcases.amazon.TC003_Signin_Invalid" time="13.462" errors="0" timestamp="2025-01-19T15:14:14 IST" skipped="0">
  <testcase classname="com.testcases.amazon.TC003_Signin_Invalid" name="login" time="5.850"/>
  <testcase classname="com.testcases.amazon.TC003_Signin_Invalid" name="login" time="7.612"/>
</testsuite> <!-- com.testcases.amazon.TC003_Signin_Invalid -->
