<?xml version="1.0" encoding="UTF-8"?>
<!-- Generated by org.testng.reporters.JUnitReportReporter -->
<testsuite hostname="DESKTOP-O8K8LF0" failures="0" tests="1" name="com.testcases.amazon.TC001_CreateAccount" time="8.046" errors="0" timestamp="2025-01-17T22:55:16 IST" skipped="0">
  <testcase classname="com.testcases.amazon.TC001_CreateAccount" name="createAccount" time="8.046"/>
</testsuite> <!-- com.testcases.amazon.TC001_CreateAccount -->
