<?xml version="1.0" encoding="UTF-8"?>
<!-- Generated by org.testng.reporters.JUnitReportReporter -->
<testsuite hostname="DESKTOP-O8K8LF0" failures="0" tests="1" name="com.testcases.amazon.TC008_Sort" time="23.408" errors="0" timestamp="2024-12-21T17:22:42 IST" skipped="0">
  <testcase classname="com.testcases.amazon.TC008_Sort" name="sortByPrice" time="23.408"/>
</testsuite> <!-- com.testcases.amazon.TC008_Sort -->
