<?xml version="1.0" encoding="UTF-8"?>
<!-- Generated by org.testng.reporters.JUnitReportReporter -->
<testsuite hostname="DESKTOP-O8K8LF0" failures="0" tests="1" name="com.testcases.amazon.TC014_ReviewOrder" time="21.929" errors="0" timestamp="2024-12-22T13:21:46 IST" skipped="0">
  <testcase classname="com.testcases.amazon.TC014_ReviewOrder" name="review" time="21.929"/>
</testsuite> <!-- com.testcases.amazon.TC014_ReviewOrder -->
