<?xml version="1.0" encoding="UTF-8"?>
<!-- Generated by org.testng.reporters.JUnitReportReporter -->
<testsuite hostname="DESKTOP-O8K8LF0" failures="0" tests="1" name="com.testcases.amazon.TC010_CartAddRemoveItem" time="21.917" errors="0" timestamp="2024-12-21T19:16:50 IST" skipped="0">
  <testcase classname="com.testcases.amazon.TC010_CartAddRemoveItem" name="addRemoveItem" time="21.917"/>
</testsuite> <!-- com.testcases.amazon.TC010_CartAddRemoveItem -->
