<?xml version="1.0" encoding="UTF-8"?>
<!-- Generated by org.testng.reporters.JUnitReportReporter -->
<testsuite hostname="DESKTOP-O8K8LF0" failures="0" tests="1" name="com.testcases.amazon.TC005_Search" time="14.266" errors="0" timestamp="2024-12-25T14:45:40 IST" skipped="0">
  <testcase classname="com.testcases.amazon.TC005_Search" name="searchProduct" time="14.266"/>
</testsuite> <!-- com.testcases.amazon.TC005_Search -->
