<?xml version="1.0" encoding="UTF-8"?>
<!-- Generated by org.testng.reporters.JUnitReportReporter -->
<testsuite hostname="DESKTOP-O8K8LF0" failures="0" tests="2" name="com.testcases.amazon.TC002_Signin" time="34.981" errors="0" timestamp="2024-12-31T23:16:58 IST" skipped="0">
  <testcase classname="com.testcases.amazon.TC002_Signin" name="signinWithPropertyFile" time="14.681"/>
  <testcase classname="com.testcases.amazon.TC002_Signin" name="signinWithPropertyFile" time="20.300"/>
</testsuite> <!-- com.testcases.amazon.TC002_Signin -->
