<?xml version="1.0" encoding="UTF-8"?>
<!-- Generated by org.testng.reporters.JUnitReportReporter -->
<testsuite hostname="DESKTOP-O8K8LF0" failures="0" tests="1" name="com.testcases.amazon.TC011_CheckOut" time="30.231" errors="0" timestamp="2024-12-24T08:37:34 IST" skipped="0">
  <testcase classname="com.testcases.amazon.TC011_CheckOut" name="checkOut" time="30.231"/>
</testsuite> <!-- com.testcases.amazon.TC011_CheckOut -->
