<?xml version="1.0" encoding="UTF-8"?>
<!-- Generated by org.testng.reporters.JUnitReportReporter -->
<testsuite hostname="DESKTOP-O8K8LF0" failures="0" tests="1" name="com.testcases.amazon.TC013_ApplyCouponCode" time="41.873" errors="0" timestamp="2024-12-25T17:51:15 IST" skipped="0">
  <testcase classname="com.testcases.amazon.TC013_ApplyCouponCode" name="couponCode" time="41.873"/>
</testsuite> <!-- com.testcases.amazon.TC013_ApplyCouponCode -->
