<?xml version="1.0" encoding="UTF-8"?>
<!-- Generated by org.testng.reporters.JUnitReportReporter -->
<testsuite hostname="DESKTOP-O8K8LF0" failures="0" tests="1" name="com.testcases.amazon.TC005_SearchProduct" time="0.439" errors="0" timestamp="2024-12-19T11:52:50 IST" skipped="0">
  <testcase classname="com.testcases.amazon.TC005_SearchProduct" name="searchProduct" time="0.439"/>
</testsuite> <!-- com.testcases.amazon.TC005_SearchProduct -->
