<?xml version="1.0" encoding="UTF-8"?>
<!-- Generated by org.testng.reporters.JUnitReportReporter -->
<testsuite hostname="DESKTOP-O8K8LF0" failures="0" tests="1" name="com.testcases.amazon.TC005_Search" time="5.800" errors="0" timestamp="2025-01-17T22:41:12 IST" skipped="0">
  <testcase classname="com.testcases.amazon.TC005_Search" name="searchProduct" time="5.800"/>
</testsuite> <!-- com.testcases.amazon.TC005_Search -->
