<?xml version="1.0" encoding="UTF-8"?>
<!-- Generated by org.testng.reporters.JUnitReportReporter -->
<testsuite hostname="DESKTOP-O8K8LF0" failures="0" tests="1" name="com.testcases.amazon.TC015_ReachTillCart" time="14.991" errors="0" timestamp="2024-12-22T11:37:44 IST" skipped="0">
  <testcase classname="com.testcases.amazon.TC015_ReachTillCart" name="reachToCart" time="14.991"/>
</testsuite> <!-- com.testcases.amazon.TC015_ReachTillCart -->
