<?xml version="1.0" encoding="UTF-8"?>
<!-- Generated by org.testng.reporters.JUnitReportReporter -->
<testsuite hostname="DESKTOP-O8K8LF0" failures="0" tests="1" name="com.testcases.amazon.TC006_Filter" time="5.687" errors="0" timestamp="2024-12-20T22:13:14 IST" skipped="0">
  <testcase classname="com.testcases.amazon.TC006_Filter" name="filter" time="5.687"/>
</testsuite> <!-- com.testcases.amazon.TC006_Filter -->
