<?xml version="1.0" encoding="UTF-8"?>
<!-- Generated by org.testng.reporters.JUnitReportReporter -->
<testsuite hostname="DESKTOP-O8K8LF0" failures="0" tests="1" name="com.testcases.amazon.TC005_SearchProduct" time="0.609" errors="0" timestamp="2024-12-20T22:30:19 IST" skipped="0">
  <testcase classname="com.testcases.amazon.TC005_SearchProduct" name="searchProduct" time="0.609">
    <system-out>
      <![CDATA[Test case is passed]]>
    </system-out>
  </testcase> <!-- searchProduct -->
  <system-out>
    <![CDATA[Test case is passed
Test case is passed
Test case is passed
Test case is passed]]>
  </system-out>
</testsuite> <!-- com.testcases.amazon.TC005_SearchProduct -->
