<?xml version="1.0" encoding="UTF-8"?>
<!-- Generated by org.testng.reporters.JUnitReportReporter -->
<testsuite hostname="DESKTOP-O8K8LF0" failures="0" tests="1" name="com.testcases.amazon.TC002_Signin" time="9.828" errors="0" timestamp="2025-01-19T15:17:53 IST" skipped="0">
  <testcase classname="com.testcases.amazon.TC002_Signin" name="signinWithPropertyFile" time="9.828"/>
</testsuite> <!-- com.testcases.amazon.TC002_Signin -->
