<?xml version="1.0" encoding="UTF-8"?>
<!-- Generated by org.testng.reporters.JUnitReportReporter -->
<testsuite hostname="DESKTOP-O8K8LF0" failures="0" tests="1" name="com.testcases.amazon.TC004_EditName" time="46.555" errors="0" timestamp="2024-12-20T22:30:19 IST" skipped="0">
  <testcase classname="com.testcases.amazon.TC004_EditName" name="editName" time="46.555">
    <system-out>
      <![CDATA[Test case is passed]]>
    </system-out>
  </testcase> <!-- editName -->
  <system-out>
    <![CDATA[Test case is passed
Test case is passed
Test case is passed
Test case is passed]]>
  </system-out>
</testsuite> <!-- com.testcases.amazon.TC004_EditName -->
