<?xml version="1.0" encoding="UTF-8"?>
<!-- Generated by org.testng.reporters.JUnitReportReporter -->
<testsuite hostname="DESKTOP-O8K8LF0" failures="0" tests="2" name="com.testcases.amazon.TC002_Signin" time="23.129" errors="0" timestamp="2024-12-20T22:30:19 IST" skipped="1">
  <testcase classname="com.testcases.amazon.TC002_Signin" name="signinWithPropertyFile" time="23.129">
    <system-out>
      <![CDATA[Test case is passed]]>
    </system-out>
  </testcase> <!-- signinWithPropertyFile -->
  <testcase classname="com.testcases.amazon.TC002_Signin" name="signin">
    <skipped/>
  </testcase> <!-- signin -->
  <system-out>
    <![CDATA[Test case is passed
Test case is passed
Test case is passed
Test case is passed]]>
  </system-out>
</testsuite> <!-- com.testcases.amazon.TC002_Signin -->
