<?xml version="1.0" encoding="UTF-8"?>
<!-- Generated by org.testng.reporters.JUnitReportReporter -->
<testsuite hostname="DESKTOP-O8K8LF0" failures="0" tests="4" name="com.testcases.amazon.TC003_Signin_Invalid" time="40.395" errors="0" timestamp="2024-12-25T14:02:39 IST" skipped="0">
  <testcase classname="com.testcases.amazon.TC003_Signin_Invalid" name="login" time="16.691">
    <system-out>
      <![CDATA[Test case is passed]]>
    </system-out>
  </testcase> <!-- login -->
  <testcase classname="com.testcases.amazon.TC003_Signin_Invalid" name="login" time="9.045">
    <system-out>
      <![CDATA[Test case is passed]]>
    </system-out>
  </testcase> <!-- login -->
  <testcase classname="com.testcases.amazon.TC003_Signin_Invalid" name="login" time="7.483">
    <system-out>
      <![CDATA[Test case is passed]]>
    </system-out>
  </testcase> <!-- login -->
  <testcase classname="com.testcases.amazon.TC003_Signin_Invalid" name="login" time="7.176">
    <system-out>
      <![CDATA[Test case is passed]]>
    </system-out>
  </testcase> <!-- login -->
  <system-out>
    <![CDATA[Test case is passed
Test case is passed
Test case is passed
Test case is passed]]>
  </system-out>
</testsuite> <!-- com.testcases.amazon.TC003_Signin_Invalid -->
